[2m2026-03-03T06:09:48.320926Z[0m [32m INFO[0m [2mcargo_tarpaulin::config[0m[2m:[0m Creating config
[2m2026-03-03T06:09:48.447753Z[0m [32m INFO[0m [2mcargo_tarpaulin[0m[2m:[0m Running Tarpaulin
[2m2026-03-03T06:09:48.447761Z[0m [32m INFO[0m [2mcargo_tarpaulin[0m[2m:[0m Building project
[2m2026-03-03T06:09:48.450984Z[0m [32m INFO[0m [2mcargo_tarpaulin::cargo[0m[2m:[0m Cleaning project
   Compiling proc-macro2 v1.0.106
   Compiling quote v1.0.44
   Compiling unicode-ident v1.0.24
   Compiling libc v0.2.182
   Compiling serde_core v1.0.228
   Compiling serde v1.0.228
   Compiling memchr v2.8.0
   Compiling autocfg v1.5.0
   Compiling anstyle v1.0.13
   Compiling regex-syntax v0.8.9
   Compiling rand_core v0.10.0
   Compiling cfg-if v1.0.4
   Compiling getrandom v0.4.1
   Compiling utf8parse v0.2.2
   Compiling is_terminal_polyfill v1.70.2
   Compiling colorchoice v1.0.4
   Compiling rustix v1.1.3
   Compiling anstyle-parse v0.2.7
   Compiling equivalent v1.0.2
   Compiling hashbrown v0.16.1
   Compiling anstyle-query v1.1.5
   Compiling once_cell v1.21.3
   Compiling portable-atomic v1.13.1
   Compiling strsim v0.11.1
   Compiling anstream v0.6.21
   Compiling zmij v1.0.21
   Compiling clap_lex v1.0.0
   Compiling heck v0.5.0
   Compiling linux-raw-sys v0.11.0
   Compiling bitflags v2.11.0
   Compiling thiserror v1.0.69
   Compiling unicode-width v0.2.2
   Compiling aho-corasick v1.1.4
   Compiling clap_builder v4.5.60
   Compiling option-ext v0.2.0
   Compiling anyhow v1.0.102
   Compiling serde_json v1.0.149
   Compiling num-traits v0.2.19
   Compiling itoa v1.0.17
   Compiling indexmap v2.13.0
   Compiling cpufeatures v0.3.0
   Compiling fastrand v2.3.0
   Compiling toml_write v0.1.2
   Compiling winnow v0.7.14
   Compiling chacha20 v0.10.0
   Compiling syn v2.0.117
   Compiling same-file v1.0.6
   Compiling iana-time-zone v0.1.65
   Compiling lazy_static v1.5.0
   Compiling zeroize v1.8.2
   Compiling unsafe-libyaml v0.2.11
   Compiling predicates-core v1.0.10
   Compiling ryu v1.0.23
   Compiling number_prefix v0.4.0
   Compiling shell-words v1.1.1
   Compiling float-cmp v0.10.0
   Compiling chrono v0.4.43
   Compiling colored v2.2.0
   Compiling walkdir v2.5.0
   Compiling console v0.15.11
   Compiling dirs-sys v0.4.1
   Compiling dirs v5.0.1
   Compiling regex-automata v0.4.14
   Compiling rand v0.10.0
   Compiling indicatif v0.17.11
   Compiling difflib v0.4.0
   Compiling normalize-line-endings v0.3.0
   Compiling termtree v0.5.1
   Compiling assert_cmd v2.1.2
   Compiling tempfile v3.25.0
   Compiling glob v0.3.3
   Compiling base64 v0.22.1
   Compiling dotenvy v0.15.7
   Compiling predicates-tree v1.0.13
   Compiling wait-timeout v0.2.1
   Compiling diff v0.1.13
   Compiling yansi v1.0.1
   Compiling pretty_assertions v1.4.1
   Compiling serde_derive v1.0.228
   Compiling thiserror-impl v1.0.69
   Compiling clap_derive v4.5.55
   Compiling regex v1.12.3
   Compiling bstr v1.12.1
   Compiling predicates v3.1.4
   Compiling dialoguer v0.11.0
   Compiling clap v4.5.60
   Compiling clap_complete v4.5.66
   Compiling serde_spanned v0.6.9
   Compiling toml_datetime v0.6.11
   Compiling serde_yaml v0.9.34+deprecated
   Compiling toml_edit v0.22.27
   Compiling toml v0.8.23
   Compiling evnx v0.2.0 (/home/ajit/Documents/dotenv-space-cli)
    Finished `test` profile [unoptimized + debuginfo] target(s) in 11.63s
[2m2026-03-03T06:10:00.579521Z[0m [32m INFO[0m [2mcargo_tarpaulin::process_handling::linux[0m[2m:[0m Launching test
[2m2026-03-03T06:10:00.579543Z[0m [32m INFO[0m [2mcargo_tarpaulin::process_handling[0m[2m:[0m running /home/ajit/Documents/dotenv-space-cli/target/debug/deps/evnx-5a28bdcbe3b8a69e

running 0 tests

test result: ok. 0 passed; 0 failed; 0 ignored; 0 measured; 0 filtered out; finished in 0.00s

[2m2026-03-03T06:10:05.020363Z[0m [32m INFO[0m [2mcargo_tarpaulin::process_handling::linux[0m[2m:[0m Launching test
[2m2026-03-03T06:10:05.020385Z[0m [32m INFO[0m [2mcargo_tarpaulin::process_handling[0m[2m:[0m running /home/ajit/Documents/dotenv-space-cli/target/debug/deps/tests-a6cf86f016a5277c

running 22 tests
test test_convert_to_github_actions ... ok
test test_scan_exit_zero ... ok
test test_invalid_command ... ok
test test_scan_help ... ok
test test_diff_help ... ok
test test_init_help ... ok
test test_convert_with_filter ... ok
test test_validate_finds_placeholder ... ok
test test_convert_with_transform ... ok
test test_validate_boolean_trap ... ok
test test_diff_shows_missing ... ok
test test_help_flag ... ok
test test_convert_to_json ... ok
test test_validate_missing_file ... ok
test test_validate_help ... ok
test test_validate_json_output ... ok
test test_verbose_flag ... ok
test test_convert_help ... ok
test test_convert_invalid_format ... ok
test test_version_flag ... ok
test test_scan_detects_aws_key ... ok
test test_workflow_convert_multiple_formats ... ok

test result: ok. 22 passed; 0 failed; 0 ignored; 0 measured; 0 filtered out; finished in 0.06s

[2m2026-03-03T06:10:07.313426Z[0m [32m INFO[0m [2mcargo_tarpaulin::process_handling::linux[0m[2m:[0m Launching test
[2m2026-03-03T06:10:07.313447Z[0m [32m INFO[0m [2mcargo_tarpaulin::process_handling[0m[2m:[0m running /home/ajit/Documents/dotenv-space-cli/target/debug/deps/init_integration-b4cee39cc679bb4a

running 12 tests
test init_architect_interactive ... ignored, requires interactive TTY - run manually
test init_blueprint_specific_t3_modern ... ignored, requires interactive TTY - run manually to test specific blueprint
test init_interactive_abort ... ignored, requires interactive TTY - run manually
test init_interactive_mode_selection ... ignored, requires interactive TTY - run manually
test init_architect_multiple_services ... ok
test init_updates_gitignore ... ok
test init_does_not_overwrite_existing_env ... ok
test init_creates_nested_directory ... ok
test init_blueprint_t3_modern_generates_expected_vars ... ok
test init_blueprint_rust_high_perf ... ok
test init_blank_creates_minimal_files ... ok
test init_architect_python_django_postgres ... ok

test result: ok. 8 passed; 0 failed; 4 ignored; 0 measured; 0 filtered out; finished in 0.03s

[2m2026-03-03T06:10:09.512325Z[0m [32m INFO[0m [2mcargo_tarpaulin::process_handling::linux[0m[2m:[0m Launching test
[2m2026-03-03T06:10:09.512347Z[0m [32m INFO[0m [2mcargo_tarpaulin::process_handling[0m[2m:[0m running /home/ajit/Documents/dotenv-space-cli/target/debug/deps/add_integration-b6188d76f7184bca

running 7 tests
test add_custom_interactive ... ignored, requires TTY; run manually with `cargo test -- --ignored`
test add_blueprint_skips_conflicting_vars ... ok
test add_service_unknown_returns_error ... ok
test add_framework_unknown_language_error ... ok
test add_framework_django_appends_vars ... ok
test add_blueprint_to_empty_project ... ok
test workflow_init_then_add_service ... ok

test result: ok. 6 passed; 0 failed; 1 ignored; 0 measured; 0 filtered out; finished in 0.05s

[2m2026-03-03T06:10:11.797357Z[0m [32m INFO[0m [2mcargo_tarpaulin::process_handling::linux[0m[2m:[0m Launching test
[2m2026-03-03T06:10:11.797387Z[0m [32m INFO[0m [2mcargo_tarpaulin::process_handling[0m[2m:[0m running /home/ajit/Documents/dotenv-space-cli/target/debug/deps/schema_unit-e63063ddeb0efc1d

running 4 tests
test test_list_tags ... ok
test test_filter_by_tag ... ok
test test_search_services_finds_match ... ok
test test_search_services_case_insensitive ... ok

test result: ok. 4 passed; 0 failed; 0 ignored; 0 measured; 0 filtered out; finished in 0.01s

[2m2026-03-03T06:10:17.243431Z[0m [32m INFO[0m [2mcargo_tarpaulin::process_handling::linux[0m[2m:[0m Launching test
[2m2026-03-03T06:10:17.243456Z[0m [32m INFO[0m [2mcargo_tarpaulin::process_handling[0m[2m:[0m running /home/ajit/Documents/dotenv-space-cli/target/debug/deps/schema_integration-7b30cafb4b9a4e64

running 8 tests
test test_service_categories_are_consistent ... ok
test test_formatter_section_ordering ... ok
test test_deduplication_same_service_twice ... ok
test test_format_preserves_required_metadata ... ok
test test_deduplication_framework_vs_service_priority ... ok
test test_blueprint_components_exist ... ok
test test_resolve_then_format_roundtrip ... ok
test test_formatter_output_is_valid_env_syntax ... ok

test result: ok. 8 passed; 0 failed; 0 ignored; 0 measured; 0 filtered out; finished in 0.03s

[2m2026-03-03T06:10:22.473335Z[0m [32m INFO[0m [2mcargo_tarpaulin::process_handling::linux[0m[2m:[0m Launching test
[2m2026-03-03T06:10:22.473359Z[0m [32m INFO[0m [2mcargo_tarpaulin::process_handling[0m[2m:[0m running /home/ajit/Documents/dotenv-space-cli/target/debug/deps/evnx-51e0c51f330f30c8

running 132 tests
test commands::convert::tests::test_key_transform_uppercase ... ok
test commands::add::custom::tests::test_handle_creates_custom_section ... ok
test commands::migrate::tests::test_is_system_variable ... ok
test commands::restore::tests::test_looks_like_dotenv_empty ... ok
test commands::restore::tests::test_count_vars_only_assignments ... ok
test commands::restore::tests::test_count_vars_normal ... ok
test commands::restore::tests::test_count_vars_empty ... ok
test commands::backup::tests::test_looks_like_dotenv_empty ... ok
test commands::scan::tests::test_truncate_value ... ok
test commands::add::shared::tests::test_format_var_line_with_metadata ... ok
test commands::migrate::tests::test_load_secrets_from_environment ... ok
test commands::restore::tests::test_looks_like_dotenv_rejects_prose ... ok
test commands::sync::tests::test_default_placeholder_not_empty ... ok
test commands::scan::tests::test_is_scannable_file ... ok
test commands::restore::tests::test_looks_like_dotenv_rejects_too_much_noise ... ok
test commands::restore::tests::test_looks_like_dotenv_valid ... ok
test commands::restore::tests::test_looks_like_dotenv_tolerates_some_noise ... ok
test commands::sync::tests::test_placeholder_config_serialization ... ok
test commands::scan::tests::test_should_exclude ... ok
test commands::diff::tests::test_compute_diff ... ok
test commands::backup::tests::test_looks_like_dotenv_rejects_prose ... ok
test commands::sync::tests::test_atomic_write_sets_permissions ... ok
test commands::sync::tests::test_sync_direction_display ... ok
test commands::sync::tests::test_is_placeholder_value ... ok
test commands::add::shared::tests::test_detect_conflicts_finds_mismatched_values ... ok
test commands::backup::tests::test_looks_like_dotenv_valid ... ok
test commands::backup::tests::test_looks_like_dotenv_comments_and_blanks ... ok
test commands::sync::tests::test_custom_pattern_matching ... ok
test core::config::tests::test_create_example ... ok
test commands::sync::tests::test_generate_placeholder_with_url_values ... ok
test commands::sync::tests::test_validate_var_name ... ok
test commands::sync::tests::test_generate_placeholder_custom_config ... ok
test commands::sync::tests::test_generate_placeholder_builtin_rules ... ok
test commands::validate::tests::test_is_placeholder ... ok
test commands::validate::tests::test_is_weak_secret_key ... ok
test commands::template::tests::test_process_template_double_braces ... ok
test commands::template::tests::test_filter_upper ... ok
test commands::template::tests::test_filter_int ... ok
test commands::template::tests::test_filter_bool ... ok
test commands::template::tests::test_process_template_simple ... ok
test core::converter::tests::test_default_options ... ok
test core::config::tests::test_default_config ... ok
test core::converter::tests::test_new_options ... ok
test core::converter::tests::test_transform_key_prefix ... ok
test core::converter::tests::test_transform_value_base64 ... ok
test core::converter::tests::test_transform_key_uppercase ... ok
test core::converter::tests::test_transform_key_lowercase ... ok
test core::config::tests::test_resolve_alias ... ok
test core::config::tests::test_merge_with_args ... ok
test core::converter::tests::test_glob_match ... ok
test core::converter::tests::test_filter_vars_no_pattern ... ok
test core::converter::tests::test_filter_vars_include ... ok
test core::converter::tests::test_filter_vars_exclude ... ok
test core::converter::tests::test_to_camel_case ... ok
test core::config::tests::test_load_from_toml ... ok
test core::converter::tests::test_to_snake_case ... ok
test core::parser::tests::test_expansion_disabled ... ok
test core::parser::tests::test_export_prefix ... ok
test core::parser::tests::test_escape_single_quote_in_double ... ok
test core::parser::tests::test_empty_value ... ok
test core::parser::tests::test_empty_lines_and_comments_skipped ... ok
test core::parser::tests::test_empty_double_quoted ... ok
test core::parser::tests::test_double_quoted ... ok
test core::parser::tests::test_basic_key_value ... ok
test core::parser::tests::test_backtick_quoted ... ok
test core::parser::tests::test_hash_inside_double_quotes_preserved ... ok
test core::parser::tests::test_inline_comment_stripped ... ok
test core::parser::tests::test_inline_comment_disabled ... ok
test core::parser::tests::test_escape_quote_and_backslash ... ok
test core::parser::tests::test_escape_newline_tab ... ok
test core::parser::tests::test_key_starting_with_digit_rejected ... ok
test core::parser::tests::test_mixed_case_key_accepted_by_default ... ok
test core::parser::tests::test_expansion_chained ... ok
test core::parser::tests::test_expansion_brace_syntax ... ok
test core::parser::tests::test_key_with_space_rejected ... ok
test core::parser::tests::test_key_with_hyphen_rejected ... ok
test core::parser::tests::test_expansion_depth_limit ... ok
test core::parser::tests::test_whitespace_around_equals ... ok
test core::parser::tests::test_single_quoted_no_escaping ... ok
test core::parser::tests::test_single_quoted ... ok
test core::parser::tests::test_real_world_dotenv ... ok
test core::parser::tests::test_strict_mode_accepts_uppercase ... ok
test core::parser::tests::test_undefined_brace_var_errors ... ok
test core::parser::tests::test_strict_mode_rejects_lowercase ... ok
test formats::heroku::tests::test_converter_without_app ... ok
test formats::heroku::tests::test_converter_with_app ... ok
test core::parser::tests::test_unterminated_string_eof ... ok
test formats::heroku::tests::test_default_converter ... ok
test formats::heroku::tests::test_converter_name ... ok
test formats::heroku::tests::test_converter_description ... ok
test core::parser::tests::test_multiline_disabled_returns_error ... ok
test utils::fs::tests::test_backup_file_creates_copy ... ok
test core::parser::tests::test_circular_expansion_detected ... ok
test utils::fs::tests::test_human_readable_size_bytes ... ok
test utils::git::tests::test_is_in_gitignore_finds_entry ... ok
test utils::fs::tests::test_is_text_file_with_text ... ok
test utils::fs::tests::test_is_text_file_with_null_byte ... ok
test utils::patterns::tests::test_aws_access_key ... ok
test utils::fs::tests::test_human_readable_size_megabytes ... ok
test utils::fs::tests::test_human_readable_size_kilobytes ... ok
test core::parser::tests::test_undefined_bare_var_kept_literal ... ok
test utils::git::tests::test_is_in_gitignore_missing_file_returns_false ... ok
test utils::patterns::tests::test_github_tokens ... ok
test utils::fs::tests::test_set_and_check_secure_permissions ... ok
test utils::patterns::tests::test_stripe_keys ... ok
test utils::string::tests::test_pluralize_singular ... ok
test utils::string::tests::test_pluralize_plural ... ok
test utils::string::tests::test_pluralize_zero ... ok
test utils::string::tests::test_redact_short ... ok
test utils::string::tests::test_redact_long ... ok
test utils::string::tests::test_redact_exactly_eight ... ok
test utils::string::tests::test_truncate_long ... ok
test utils::string::tests::test_truncate_short ... ok
test utils::string::tests::test_truncate_exact_boundary ... ok
test formats::json::tests::test_json_converter ... ok
test utils::ui::tests::test_pad_or_truncate ... ok
test utils::patterns::tests::test_is_placeholder ... ok
test formats::gcp::tests::test_gcp_converter ... ok
test utils::ui::tests::test_calculate_box_width_expands ... ok
test formats::azure::tests::test_azure_converter ... ok
test core::parser::tests::test_multiline_double_quoted ... ok
test utils::ui::tests::test_should_colorize_respects_no_color ... ok
test utils::ui::tests::test_progress_bar_zero ... ok
test utils::ui::tests::test_progress_bar_length ... ok
test utils::ui::tests::test_calculate_box_width_defaults ... ok
test formats::heroku::tests::test_convert_with_special_chars ... ok
test formats::heroku::tests::test_convert_basic ... ok
test formats::heroku::tests::test_convert_without_app ... ok
test utils::patterns::tests::test_entropy ... ok
test utils::patterns::tests::test_detect_secret ... ok
test commands::add::framework::tests::test_handle_appends_framework_vars ... ok
test commands::add::blueprint::tests::test_handle_skips_conflicting_vars ... ok

test result: ok. 132 passed; 0 failed; 0 ignored; 0 measured; 0 filtered out; finished in 0.23s

[2m2026-03-03T06:10:28.178446Z[0m [32m INFO[0m [2mcargo_tarpaulin::report[0m[2m:[0m Coverage Results:
[2m2026-03-03T06:10:28.184887Z[0m [32m INFO[0m [2mcargo_tarpaulin::report::html[0m[2m:[0m HTML report written to /home/ajit/Documents/dotenv-space-cli/reports/coverage/tarpaulin-report.html
|| Tested/Total Lines:
|| src/cli.rs: 4/4
|| src/commands/add/blueprint.rs: 30/43
|| src/commands/add/custom.rs: 0/63
|| src/commands/add/framework.rs: 26/34
|| src/commands/add/mod.rs: 0/14
|| src/commands/add/service.rs: 0/38
|| src/commands/add/shared.rs: 36/54
|| src/commands/backup.rs: 16/20
|| src/commands/convert.rs: 0/73
|| src/commands/diff.rs: 14/86
|| src/commands/doctor.rs: 0/60
|| src/commands/init/architect.rs: 0/73
|| src/commands/init/blank.rs: 0/10
|| src/commands/init/blueprint.rs: 0/35
|| src/commands/init/mod.rs: 0/23
|| src/commands/init/shared.rs: 0/26
|| src/commands/migrate.rs: 11/151
|| src/commands/mod.rs: 0/10
|| src/commands/restore.rs: 20/24
|| src/commands/scan.rs: 32/182
|| src/commands/sync.rs: 55/421
|| src/commands/template.rs: 35/60
|| src/commands/validate.rs: 10/157
|| src/core/config.rs: 37/58
|| src/core/converter.rs: 61/65
|| src/core/parser.rs: 141/167
|| src/formats/aws.rs: 0/10
|| src/formats/azure.rs: 14/16
|| src/formats/docker.rs: 0/11
|| src/formats/doppler.rs: 0/11
|| src/formats/gcp.rs: 14/16
|| src/formats/github.rs: 0/18
|| src/formats/heroku.rs: 37/37
|| src/formats/json.rs: 8/10
|| src/formats/kubernetes.rs: 0/20
|| src/formats/railway.rs: 0/10
|| src/formats/shell.rs: 0/13
|| src/formats/terraform.rs: 0/12
|| src/formats/vercel.rs: 0/11
|| src/formats/yaml.rs: 0/10
|| src/main.rs: 0/25
|| src/schema/formatter.rs: 72/103
|| src/schema/loader.rs: 24/56
|| src/schema/query.rs: 35/52
|| src/schema/resolver.rs: 79/123
|| src/utils/file_ops.rs: 0/20
|| src/utils/fs.rs: 22/34
|| src/utils/git.rs: 6/39
|| src/utils/patterns.rs: 48/113
|| src/utils/string.rs: 12/12
|| src/utils/ui.rs: 25/80
|| 
32.85% coverage, 924/2813 lines covered
